2024-06-28 17:01:26.252 [warning] /home/gitpod/.ssh/config: ENOENT: no such file or directory, open '/home/gitpod/.ssh/config'
2024-06-28 17:01:26.252 [info] Activation> Extension version: 0.90.0
2024-06-28 17:01:27.269 [info] Looking for git repository
2024-06-28 17:01:27.269 [info] Found 0 repositories during activation
2024-06-28 17:01:27.269 [info] Git repository found, initializing review manager and pr tree view.
2024-06-28 17:01:27.274 [info] Registering git provider
2024-06-28 17:01:27.274 [info] Review+0> Validate state in progress
2024-06-28 17:01:27.274 [info] Review+0> Validating state...
2024-06-28 17:01:27.346 [info] Found GitHub remote for folder /workspace/project
2024-06-28 17:01:27.349 [info] Trying to use globalState for assignableUsers.
2024-06-28 17:01:27.359 [info] Review+0> No matching pull request metadata found locally for current branch main
2024-06-28 17:01:27.360 [info] Review+0> No matching pull request metadata found on GitHub for current branch main
2024-06-28 17:01:27.420 [info] GlobalState does not exist for assignableUsers.
2024-06-28 17:01:27.511 [info] Repo state for file:///workspace/project changed.
2024-06-28 17:01:27.511 [info] Repo file:///workspace/project has already been setup.
2024-06-28 17:01:36.215 [info] Review+0> Validate state in progress
2024-06-28 17:01:36.215 [info] Review+0> Validating state...
2024-06-28 17:01:36.279 [info] Found GitHub remote for folder /workspace/project
2024-06-28 17:01:36.280 [info] Using in-memory cached assignable users.
2024-06-28 17:01:36.289 [info] Review+0> No matching pull request metadata found locally for current branch main
2024-06-28 17:01:36.289 [info] Review+0> No matching pull request metadata found on GitHub for current branch main
2024-06-28 17:01:41.266 [info] Review+0> Validate state in progress
2024-06-28 17:01:41.266 [info] Review+0> Validating state...
2024-06-28 17:01:41.329 [info] Found GitHub remote for folder /workspace/project
2024-06-28 17:01:41.330 [info] Using in-memory cached assignable users.
2024-06-28 17:01:41.340 [info] Review+0> No matching pull request metadata found locally for current branch main
2024-06-28 17:01:41.340 [info] Review+0> No matching pull request metadata found on GitHub for current branch main
2024-06-28 18:35:15.814 [info] Review+0> Validate state in progress
2024-06-28 18:35:15.814 [info] Review+0> Validating state...
2024-06-28 18:35:15.878 [info] Found GitHub remote for folder /workspace/project
2024-06-28 18:35:15.878 [info] Using in-memory cached assignable users.
2024-06-28 18:35:15.886 [info] Review+0> No matching pull request metadata found locally for current branch main
2024-06-28 18:35:15.886 [info] Review+0> No matching pull request metadata found on GitHub for current branch main
