2024-06-28 17:01:25.475 [info] Log level: Info
2024-06-28 17:01:25.475 [info] VSCODE_MACHINE_ID: someValue.machineId
2024-06-28 17:01:25.475 [info] VSCODE_SESSION_ID: someValue.sessionId
2024-06-28 17:01:25.475 [info] VSCODE_VERSION: 1.90.2
2024-06-28 17:01:25.475 [info] VSCODE_APP_NAME: Gitpod Code
2024-06-28 17:01:25.475 [info] VSCODE_APP_HOST: Gitpod
2024-06-28 17:01:25.475 [info] VSCODE_UI_KIND: web
2024-06-28 17:01:25.475 [info] GITPOD_WORKSPACE_CONTEXT_URL: https://github.com/freeCodeCamp/learn-salon-appointment-scheduler
2024-06-28 17:01:25.475 [info] GITPOD_INSTANCE_ID: 659ee369-89fb-4426-846b-b09a9768c3ee
2024-06-28 17:01:25.475 [info] GITPOD_WORKSPACE_URL: https://freecodecam-learnsalona-x012akx1hwo.ws-us114.gitpod.io
2024-06-28 17:01:25.475 [info] Gitpod Web 7ff72a2
2024-06-28 17:01:25.475 [info] Reading sessions from keychain...
2024-06-28 17:01:25.588 [info] Getting sessions for all scopes...
2024-06-28 17:01:25.588 [info] Getting GitHub sessions for all scopes...
2024-06-28 17:01:25.588 [info] Getting sessions for function:accessCodeSyncStorage...
2024-06-28 17:01:25.589 [info] Got stored sessions!
2024-06-28 17:01:25.589 [info] Verified session with the following scopes: function:accessCodeSyncStorage function:closePort function:controlAdmission function:deleteEnvVar function:generateNewGitpodToken function:getDefaultWorkspaceImage function:getEnvVars function:getGitpodTokenScopes function:getIDToken function:getLoggedInUser function:getOpenPorts function:getSupportedWorkspaceClasses function:getTeams function:getToken function:getWorkspace function:getWorkspaceEnvVars function:getWorkspaceOwner function:getWorkspaceTimeout function:getWorkspaceUsers function:guessGitTokenScopes function:isWorkspaceOwner function:openPort function:sendHeartBeat function:setEnvVar function:setWorkspaceTimeout function:stopWorkspace function:takeSnapshot function:trackEvent function:updateGitStatus function:waitForSnapshot resource:contentBlob::*::create/get resource:envVar::freeCodeCamp/learn-salon-appointment-scheduler::create/get/update/delete resource:gitpodToken::*::create resource:snapshot::ws-freecodecam-learnsalona-x012akx1hwo::create resource:token::*::get resource:userStorage::*::create/get/update resource:workspace::freecodecam-learnsalona-x012akx1hwo::get/update resource:workspaceInstance::659ee369-89fb-4426-846b-b09a9768c3ee::get/update/delete
2024-06-28 17:01:25.589 [info] Got 1 verified sessions.
2024-06-28 17:01:25.589 [info] Got 1 sessions for all scopes...
2024-06-28 17:01:25.589 [info] Got 1 sessions for function:accessCodeSyncStorage...
2024-06-28 17:01:25.724 [info] Got 1 GitHub sessions for all scopes...
2024-06-28 17:01:25.787 [info] Getting sessions for all scopes...
2024-06-28 17:01:25.787 [info] Got 1 sessions for all scopes...
2024-06-28 17:01:25.845 [info] Getting GitHub sessions for all scopes...
2024-06-28 17:01:25.846 [info] Got 1 GitHub sessions for all scopes...
2024-06-28 17:01:26.329 [info] Getting GitHub sessions for read:user,repo,user:email,workflow...
2024-06-28 17:01:26.329 [info] Got 0 GitHub sessions for read:user,repo,user:email,workflow...
2024-06-28 17:01:26.467 [info] Getting GitHub sessions for project,read:org,read:user,repo,user:email,workflow...
2024-06-28 17:01:26.467 [info] Got 0 GitHub sessions for project,read:org,read:user,repo,user:email,workflow...
2024-06-28 17:01:26.833 [info] Getting GitHub sessions for read:user,repo,user:email,workflow...
2024-06-28 17:01:26.833 [info] Got 0 GitHub sessions for read:user,repo,user:email,workflow...
2024-06-28 17:01:27.040 [info] Getting GitHub sessions for read:user,repo,user:email...
2024-06-28 17:01:27.040 [info] Got 0 GitHub sessions for read:user,repo,user:email...
2024-06-28 17:01:27.207 [info] Getting GitHub sessions for read:user,repo,user:email,workflow...
2024-06-28 17:01:27.207 [info] Got 0 GitHub sessions for read:user,repo,user:email,workflow...
