2024-06-28 18:35:36.936 [info] Log level: Info
2024-06-28 18:35:36.936 [info] VSCODE_MACHINE_ID: 2fe2842c-f602-4c40-aa12-8b0a12a00fc1
2024-06-28 18:35:36.936 [info] VSCODE_SESSION_ID: 75c19296-d10f-47b5-a5a1-cac6e17e127b1719599734499
2024-06-28 18:35:36.936 [info] VSCODE_VERSION: 1.90.2
2024-06-28 18:35:36.936 [info] VSCODE_APP_NAME: Gitpod Code
2024-06-28 18:35:36.936 [info] VSCODE_APP_HOST: Gitpod
2024-06-28 18:35:36.936 [info] VSCODE_UI_KIND: web
2024-06-28 18:35:36.936 [info] GITPOD_WORKSPACE_CONTEXT_URL: https://github.com/freeCodeCamp/learn-salon-appointment-scheduler
2024-06-28 18:35:36.936 [info] GITPOD_INSTANCE_ID: 659ee369-89fb-4426-846b-b09a9768c3ee
2024-06-28 18:35:36.936 [info] GITPOD_WORKSPACE_URL: https://freecodecam-learnsalona-x012akx1hwo.ws-us114.gitpod.io
2024-06-28 18:35:36.936 [info] Gitpod Web 7ff72a2
2024-06-28 18:35:36.936 [info] Reading sessions from keychain...
2024-06-28 18:35:37.022 [info] Getting sessions for all scopes...
2024-06-28 18:35:37.022 [info] Getting GitHub sessions for all scopes...
2024-06-28 18:35:37.022 [info] Getting sessions for function:accessCodeSyncStorage...
2024-06-28 18:35:37.023 [info] Got stored sessions!
2024-06-28 18:35:37.023 [info] Verified session with the following scopes: function:accessCodeSyncStorage function:closePort function:controlAdmission function:deleteEnvVar function:generateNewGitpodToken function:getDefaultWorkspaceImage function:getEnvVars function:getGitpodTokenScopes function:getIDToken function:getLoggedInUser function:getOpenPorts function:getSupportedWorkspaceClasses function:getTeams function:getToken function:getWorkspace function:getWorkspaceEnvVars function:getWorkspaceOwner function:getWorkspaceTimeout function:getWorkspaceUsers function:guessGitTokenScopes function:isWorkspaceOwner function:openPort function:sendHeartBeat function:setEnvVar function:setWorkspaceTimeout function:stopWorkspace function:takeSnapshot function:trackEvent function:updateGitStatus function:waitForSnapshot resource:contentBlob::*::create/get resource:envVar::freeCodeCamp/learn-salon-appointment-scheduler::create/get/update/delete resource:gitpodToken::*::create resource:snapshot::ws-freecodecam-learnsalona-x012akx1hwo::create resource:token::*::get resource:userStorage::*::create/get/update resource:workspace::freecodecam-learnsalona-x012akx1hwo::get/update resource:workspaceInstance::659ee369-89fb-4426-846b-b09a9768c3ee::get/update/delete
2024-06-28 18:35:37.023 [info] Got 1 verified sessions.
2024-06-28 18:35:37.023 [info] Got 1 sessions for all scopes...
2024-06-28 18:35:37.023 [info] Got 1 sessions for function:accessCodeSyncStorage...
2024-06-28 18:35:37.170 [info] Getting sessions for all scopes...
2024-06-28 18:35:37.170 [info] Got 1 sessions for all scopes...
2024-06-28 18:35:37.259 [info] Got 1 GitHub sessions for all scopes...
2024-06-28 18:35:37.773 [info] Getting GitHub sessions for all scopes...
2024-06-28 18:35:37.773 [info] Got 1 GitHub sessions for all scopes...
